<?xml version="1.0" encoding="UTF-8"?>
<!-- Generated by org.testng.reporters.JUnitXMLReporter -->
<testsuite ignored="0" hostname="admin1-LIVA-Z2V" failures="0" tests="3" name="Default test" time="72.242" errors="0" timestamp="2020-03-06T15:29:16 IST">
  <testcase classname="com.selenium.datadriven.Facebook" name="facebookLogin" time="25.622"/>
  <testcase classname="com.selenium.datadriven.Facebook" name="facebookLogin" time="31.331"/>
  <testcase classname="com.selenium.datadriven.Facebook" name="facebookLogin" time="14.167"/>
</testsuite> <!-- Default test -->
