<?xml version="1.0" encoding="UTF-8"?>
<testng-results ignored="0" total="3" passed="3" failed="0" skipped="0">
  <reporter-output>
  </reporter-output>
  <suite started-at="2020-03-06T15:28:04 IST" name="Default suite" finished-at="2020-03-06T15:29:16 IST" duration-ms="72242">
    <groups>
    </groups>
    <test started-at="2020-03-06T15:28:04 IST" name="Default test" finished-at="2020-03-06T15:29:16 IST" duration-ms="72242">
      <class name="com.selenium.datadriven.Facebook">
        <test-method signature="facebookLogin(java.lang.String, java.lang.String)[pri:0, instance:com.selenium.datadriven.Facebook@3b07a0d6]" started-at="2020-03-06T15:28:05 IST" name="facebookLogin" data-provider="facebook" finished-at="2020-03-06T15:28:30 IST" duration-ms="25622" status="PASS">
          <params>
            <param index="0">
              <value>
                <![CDATA[sahilk]]>
              </value>
            </param>
            <param index="1">
              <value>
                <![CDATA[dajkj@32154]]>
              </value>
            </param>
          </params>
          <reporter-output>
          </reporter-output>
        </test-method> <!-- facebookLogin -->
        <test-method signature="facebookLogin(java.lang.String, java.lang.String)[pri:0, instance:com.selenium.datadriven.Facebook@3b07a0d6]" started-at="2020-03-06T15:28:30 IST" name="facebookLogin" data-provider="facebook" finished-at="2020-03-06T15:29:02 IST" duration-ms="31331" status="PASS">
          <params>
            <param index="0">
              <value>
                <![CDATA[sahil@7665]]>
              </value>
            </param>
            <param index="1">
              <value>
                <![CDATA[shilkj354]]>
              </value>
            </param>
          </params>
          <reporter-output>
          </reporter-output>
        </test-method> <!-- facebookLogin -->
        <test-method signature="facebookLogin(java.lang.String, java.lang.String)[pri:0, instance:com.selenium.datadriven.Facebook@3b07a0d6]" started-at="2020-03-06T15:29:02 IST" name="facebookLogin" data-provider="facebook" finished-at="2020-03-06T15:29:16 IST" duration-ms="14167" status="PASS">
          <params>
            <param index="0">
              <value>
                <![CDATA[sahilkudake7@gmail.com]]>
              </value>
            </param>
            <param index="1">
              <value>
                <![CDATA[testdata@1234]]>
              </value>
            </param>
          </params>
          <reporter-output>
          </reporter-output>
        </test-method> <!-- facebookLogin -->
      </class> <!-- com.selenium.datadriven.Facebook -->
    </test> <!-- Default test -->
  </suite> <!-- Default suite -->
</testng-results>
