<?xml version="1.0" encoding="UTF-8"?>
<testng-results skipped="0" failed="0" ignored="0" total="1" passed="1">
  <reporter-output>
  </reporter-output>
  <suite name="Default suite" duration-ms="50778" started-at="2020-03-19T17:49:55 IST" finished-at="2020-03-19T17:50:46 IST">
    <groups>
    </groups>
    <test name="Default test" duration-ms="50778" started-at="2020-03-19T17:49:55 IST" finished-at="2020-03-19T17:50:46 IST">
      <class name="com.selenium.myntra.testcases.HomePageTest">
        <test-method status="PASS" signature="setup()[pri:0, instance:com.selenium.myntra.testcases.HomePageTest@3043fe0e]" name="setup" is-config="true" duration-ms="14980" started-at="2020-03-19T17:49:55 IST" finished-at="2020-03-19T17:50:10 IST">
          <reporter-output>
          </reporter-output>
        </test-method> <!-- setup -->
        <test-method status="PASS" signature="homePage_test()[pri:0, instance:com.selenium.myntra.testcases.HomePageTest@3043fe0e]" name="homePage_test" duration-ms="35723" started-at="2020-03-19T17:50:10 IST" finished-at="2020-03-19T17:50:46 IST">
          <reporter-output>
          </reporter-output>
        </test-method> <!-- homePage_test -->
      </class> <!-- com.selenium.myntra.testcases.HomePageTest -->
    </test> <!-- Default test -->
  </suite> <!-- Default suite -->
</testng-results>
