<?xml version="1.0" encoding="UTF-8"?>
<testng-results ignored="0" total="2" passed="2" failed="0" skipped="0">
  <reporter-output>
  </reporter-output>
  <suite started-at="2020-03-06T04:22:12Z" name="Default suite" finished-at="2020-03-06T04:22:38Z" duration-ms="26444">
    <groups>
    </groups>
    <test started-at="2020-03-06T04:22:12Z" name="Default test" finished-at="2020-03-06T04:22:38Z" duration-ms="26444">
      <class name="com.selenium.faceboo.testcases.LoginTest">
        <test-method is-config="true" signature="setup()[pri:0, instance:com.selenium.faceboo.testcases.LoginTest@4b44655e]" started-at="2020-03-06T04:22:12Z" name="setup" finished-at="2020-03-06T04:22:24Z" duration-ms="12191" status="PASS">
          <reporter-output>
          </reporter-output>
        </test-method> <!-- setup -->
        <test-method signature="verifyLoginPageTest()[pri:1, instance:com.selenium.faceboo.testcases.LoginTest@4b44655e]" started-at="2020-03-06T04:22:24Z" name="verifyLoginPageTest" finished-at="2020-03-06T04:22:24Z" duration-ms="93" status="PASS">
          <reporter-output>
          </reporter-output>
        </test-method> <!-- verifyLoginPageTest -->
        <test-method is-config="true" signature="tearDown()[pri:0, instance:com.selenium.faceboo.testcases.LoginTest@4b44655e]" started-at="2020-03-06T04:22:24Z" name="tearDown" finished-at="2020-03-06T04:22:24Z" duration-ms="386" status="PASS">
          <reporter-output>
          </reporter-output>
        </test-method> <!-- tearDown -->
        <test-method is-config="true" signature="setup()[pri:0, instance:com.selenium.faceboo.testcases.LoginTest@4b44655e]" started-at="2020-03-06T04:22:24Z" name="setup" finished-at="2020-03-06T04:22:31Z" duration-ms="6892" status="PASS">
          <reporter-output>
          </reporter-output>
        </test-method> <!-- setup -->
        <test-method signature="loginTest()[pri:2, instance:com.selenium.faceboo.testcases.LoginTest@4b44655e]" started-at="2020-03-06T04:22:31Z" name="loginTest" finished-at="2020-03-06T04:22:38Z" duration-ms="6501" status="PASS">
          <reporter-output>
          </reporter-output>
        </test-method> <!-- loginTest -->
        <test-method is-config="true" signature="tearDown()[pri:0, instance:com.selenium.faceboo.testcases.LoginTest@4b44655e]" started-at="2020-03-06T04:22:38Z" name="tearDown" finished-at="2020-03-06T04:22:38Z" duration-ms="274" status="PASS">
          <reporter-output>
          </reporter-output>
        </test-method> <!-- tearDown -->
      </class> <!-- com.selenium.faceboo.testcases.LoginTest -->
    </test> <!-- Default test -->
  </suite> <!-- Default suite -->
</testng-results>
